#
# There is insufficient memory for the Java Runtime Environment to continue.
# Native memory allocation (mmap) failed to map 266338304 bytes. Error detail: G1 virtual space
# Possible reasons:
#   The system is out of physical RAM or swap space
#   This process is running with CompressedOops enabled, and the Java Heap may be blocking the growth of the native heap
# Possible solutions:
#   Reduce memory load on the system
#   Increase physical memory or swap space
#   Check if swap backing store is full
#   Decrease Java heap size (-Xmx/-Xms)
#   Decrease number of Java threads
#   Decrease Java thread stack sizes (-Xss)
#   Set larger code cache with -XX:ReservedCodeCacheSize=
#   JVM is running with Zero Based Compressed Oops mode in which the Java heap is
#     placed in the first 32GB address space. The Java Heap base address is the
#     maximum limit for the native heap growth. Please use -XX:HeapBaseMinAddress
#     to set the Java Heap base and to place the Java Heap above 32GB virtual address.
# This output file may be truncated or incomplete.
#
#  Out of Memory Error (os_windows.cpp:3618), pid=33028, tid=29024
#
# JRE version:  (17.0.15+6) (build )
# Java VM: OpenJDK 64-Bit Server VM (17.0.15+6, mixed mode, sharing, tiered, compressed oops, compressed class ptrs, g1 gc, windows-amd64)
# No core dump will be written. Minidumps are not enabled by default on client versions of Windows
#

---------------  S U M M A R Y ------------

Command Line: -ea -XX:+ShowCodeDetailsInExceptionMessages -Dfile.encoding=UTF-8 org.eclipse.jdt.internal.junit.runner.RemoteTestRunner -version 3 -port 51848 -testLoaderClass org.eclipse.jdt.internal.junit5.runner.JUnit5TestLoader -loaderpluginname org.eclipse.jdt.junit5.runtime -test com.unisystem.university.courses.CourseServiceTest:createCourse_Success

Host: Intel(R) Core(TM) i7-10750H CPU @ 2.60GHz, 12 cores, 15G,  Windows 11 , 64 bit Build 22621 (10.0.22621.5415)
Time: Wed Dec 10 20:05:06 2025 Egypt Standard Time elapsed time: 0.010645 seconds (0d 0h 0m 0s)

---------------  T H R E A D  ---------------

Current thread (0x000001eabb54e040):  JavaThread "Unknown thread" [_thread_in_vm, id=29024, stack(0x0000007dafd00000,0x0000007dafe00000)]

Stack: [0x0000007dafd00000,0x0000007dafe00000]
Native frames: (J=compiled Java code, j=interpreted, Vv=VM code, C=native code)
V  [jvm.dll+0x682fc9]
V  [jvm.dll+0x839878]
V  [jvm.dll+0x83b323]
V  [jvm.dll+0x83b993]
V  [jvm.dll+0x24725f]
V  [jvm.dll+0x67fda9]
V  [jvm.dll+0x674c9a]
V  [jvm.dll+0x304d06]
V  [jvm.dll+0x30c1c6]
V  [jvm.dll+0x35dd4e]
V  [jvm.dll+0x35df8d]
V  [jvm.dll+0x2dc0cc]
V  [jvm.dll+0x2dcfe4]
V  [jvm.dll+0x80b7cb]
V  [jvm.dll+0x36b781]
V  [jvm.dll+0x7ea31f]
V  [jvm.dll+0x3f237e]
V  [jvm.dll+0x3f3eb1]
C  [jli.dll+0x5278]
C  [ucrtbase.dll+0x29333]
C  [KERNEL32.DLL+0x1259d]
C  [ntdll.dll+0x5af78]


---------------  P R O C E S S  ---------------

Threads class SMR info:
_java_thread_list=0x00007ffd9c377f58, length=0, elements={
}

Java Threads: ( => current thread )

Other Threads:
  0x000001eabb5bcb60 GCTaskThread "GC Thread#0" [stack: 0x0000007dafe00000,0x0000007daff00000] [id=16076]
  0x000001eabb5cd780 ConcurrentGCThread "G1 Main Marker" [stack: 0x0000007daff00000,0x0000007db0000000] [id=29088]
  0x000001eabb5ce1a0 ConcurrentGCThread "G1 Conc#0" [stack: 0x0000007db0000000,0x0000007db0100000] [id=28968]

[error occurred during error reporting (printing all threads), id 0xc0000005, EXCEPTION_ACCESS_VIOLATION (0xc0000005) at pc=0x00007ffd9bb2cbf7]

VM state: not at safepoint (not fully initialized)

VM Mutex/Monitor currently owned by a thread:  ([mutex/lock_event])
[0x000001eabb549110] Heap_lock - owner thread: 0x000001eabb54e040

Heap address: 0x0000000703200000, size: 4046 MB, Compressed Oops mode: Zero based, Oop shift amount: 3

CDS archive(s) mapped at: [0x0000000000000000-0x0000000000000000-0x0000000000000000), size 0, SharedBaseAddress: 0x0000000800000000, ArchiveRelocationMode: 1.
Narrow klass base: 0x0000000000000000, Narrow klass shift: 0, Narrow klass range: 0x0

GC Precious Log:
<Empty>

Heap:
 garbage-first heap   total 0K, used 0K [0x0000000703200000, 0x0000000800000000)
  region size 2048K, 0 young (0K), 0 survivors (0K)

[error occurred during error reporting (printing heap information), id 0xc0000005, EXCEPTION_ACCESS_VIOLATION (0xc0000005) at pc=0x00007ffd9bf1c689]

GC Heap History (0 events):
No events

Dll operation events (1 events):
Event: 0.007 Loaded shared library C:\Program Files\Eclipse Adoptium\jdk-17.0.15.6-hotspot\bin\java.dll

Deoptimization events (0 events):
No events

Classes loaded (0 events):
No events

Classes unloaded (0 events):
No events

Classes redefined (0 events):
No events

Internal exceptions (0 events):
No events

VM Operations (0 events):
No events

Memory protections (0 events):
No events

Nmethod flushes (0 events):
No events

Events (0 events):
No events


Dynamic libraries:
0x00007ff6196c0000 - 0x00007ff6196ce000 	C:\Program Files\Eclipse Adoptium\jdk-17.0.15.6-hotspot\bin\java.exe
0x00007ffeb0e10000 - 0x00007ffeb1028000 	C:\WINDOWS\SYSTEM32\ntdll.dll
0x00007ffeafad0000 - 0x00007ffeafb94000 	C:\WINDOWS\System32\KERNEL32.DLL
0x00007ffeae0f0000 - 0x00007ffeae4c3000 	C:\WINDOWS\System32\KERNELBASE.dll
0x00007ffeae8a0000 - 0x00007ffeae9b1000 	C:\WINDOWS\System32\ucrtbase.dll
0x00007ffe91380000 - 0x00007ffe9139e000 	C:\Program Files\Eclipse Adoptium\jdk-17.0.15.6-hotspot\bin\VCRUNTIME140.dll
0x00007ffe82820000 - 0x00007ffe82837000 	C:\Program Files\Eclipse Adoptium\jdk-17.0.15.6-hotspot\bin\jli.dll
0x00007ffeafce0000 - 0x00007ffeafe92000 	C:\WINDOWS\System32\USER32.dll
0x00007ffe960f0000 - 0x00007ffe9638c000 	C:\WINDOWS\WinSxS\amd64_microsoft.windows.common-controls_6595b64144ccf1df_6.0.22621.6060_none_2712eda17382d24b\COMCTL32.dll
0x00007ffeaea80000 - 0x00007ffeaeaa6000 	C:\WINDOWS\System32\win32u.dll
0x00007ffeaf0c0000 - 0x00007ffeaf167000 	C:\WINDOWS\System32\msvcrt.dll
0x00007ffeb0500000 - 0x00007ffeb0529000 	C:\WINDOWS\System32\GDI32.dll
0x00007ffeadf10000 - 0x00007ffeae033000 	C:\WINDOWS\System32\gdi32full.dll
0x00007ffeae610000 - 0x00007ffeae6aa000 	C:\WINDOWS\System32\msvcp_win.dll
0x00007ffeaeee0000 - 0x00007ffeaef11000 	C:\WINDOWS\System32\IMM32.DLL
0x00007ffea7090000 - 0x00007ffea709c000 	C:\Program Files\Eclipse Adoptium\jdk-17.0.15.6-hotspot\bin\vcruntime140_1.dll
0x00007ffe5f6e0000 - 0x00007ffe5f76d000 	C:\Program Files\Eclipse Adoptium\jdk-17.0.15.6-hotspot\bin\msvcp140.dll
0x00007ffd9b840000 - 0x00007ffd9c4ab000 	C:\Program Files\Eclipse Adoptium\jdk-17.0.15.6-hotspot\bin\server\jvm.dll
0x00007ffeafea0000 - 0x00007ffeaff51000 	C:\WINDOWS\System32\ADVAPI32.dll
0x00007ffeaf840000 - 0x00007ffeaf8e8000 	C:\WINDOWS\System32\sechost.dll
0x00007ffeae0c0000 - 0x00007ffeae0e8000 	C:\WINDOWS\System32\bcrypt.dll
0x00007ffeafbc0000 - 0x00007ffeafcd8000 	C:\WINDOWS\System32\RPCRT4.dll
0x00007ffeaf510000 - 0x00007ffeaf581000 	C:\WINDOWS\System32\WS2_32.dll
0x00007ffeacd00000 - 0x00007ffeacd4d000 	C:\WINDOWS\SYSTEM32\POWRPROF.dll
0x00007ffea4f30000 - 0x00007ffea4f3a000 	C:\WINDOWS\SYSTEM32\VERSION.dll
0x00007ffea81e0000 - 0x00007ffea8214000 	C:\WINDOWS\SYSTEM32\WINMM.dll
0x00007ffeacce0000 - 0x00007ffeaccf3000 	C:\WINDOWS\SYSTEM32\UMPDC.dll
0x00007ffeacf90000 - 0x00007ffeacfa8000 	C:\WINDOWS\SYSTEM32\kernel.appcore.dll
0x00007ffe92920000 - 0x00007ffe9292a000 	C:\Program Files\Eclipse Adoptium\jdk-17.0.15.6-hotspot\bin\jimage.dll
0x00007ffeab340000 - 0x00007ffeab573000 	C:\WINDOWS\SYSTEM32\DBGHELP.DLL
0x00007ffeaeab0000 - 0x00007ffeaee42000 	C:\WINDOWS\System32\combase.dll
0x00007ffeaf5a0000 - 0x00007ffeaf678000 	C:\WINDOWS\System32\OLEAUT32.dll
0x00007ffe9ca90000 - 0x00007ffe9cac2000 	C:\WINDOWS\SYSTEM32\dbgcore.DLL
0x00007ffeae040000 - 0x00007ffeae0bb000 	C:\WINDOWS\System32\bcryptPrimitives.dll
0x00007ffe827f0000 - 0x00007ffe82815000 	C:\Program Files\Eclipse Adoptium\jdk-17.0.15.6-hotspot\bin\java.dll

dbghelp: loaded successfully - version: 4.0.5 - missing functions: none
symbol engine: initialized successfully - sym options: 0x614 - pdb path: .;C:\Program Files\Eclipse Adoptium\jdk-17.0.15.6-hotspot\bin;C:\WINDOWS\SYSTEM32;C:\WINDOWS\WinSxS\amd64_microsoft.windows.common-controls_6595b64144ccf1df_6.0.22621.6060_none_2712eda17382d24b;C:\Program Files\Eclipse Adoptium\jdk-17.0.15.6-hotspot\bin\server

VM Arguments:
jvm_args: -ea -XX:+ShowCodeDetailsInExceptionMessages -Dfile.encoding=UTF-8 
java_command: org.eclipse.jdt.internal.junit.runner.RemoteTestRunner -version 3 -port 51848 -testLoaderClass org.eclipse.jdt.internal.junit5.runner.JUnit5TestLoader -loaderpluginname org.eclipse.jdt.junit5.runtime -test com.unisystem.university.courses.CourseServiceTest:createCourse_Success
java_class_path (initial): d:\Minas_work\GIT Repos\Full Stack Projects\Uni-App\university\target\test-classes;d:\Minas_work\GIT Repos\Full Stack Projects\Uni-App\university\target\classes;c:\Users\menam\.m2\repository\org\springframework\boot\spring-boot-starter-web\3.5.7\spring-boot-starter-web-3.5.7.jar;c:\Users\menam\.m2\repository\org\springframework\boot\spring-boot-starter\3.5.7\spring-boot-starter-3.5.7.jar;c:\Users\menam\.m2\repository\org\springframework\boot\spring-boot-starter-logging\3.5.7\spring-boot-starter-logging-3.5.7.jar;c:\Users\menam\.m2\repository\ch\qos\logback\logback-classic\1.5.20\logback-classic-1.5.20.jar;c:\Users\menam\.m2\repository\ch\qos\logback\logback-core\1.5.20\logback-core-1.5.20.jar;c:\Users\menam\.m2\repository\org\apache\logging\log4j\log4j-to-slf4j\2.24.3\log4j-to-slf4j-2.24.3.jar;c:\Users\menam\.m2\repository\org\apache\logging\log4j\log4j-api\2.24.3\log4j-api-2.24.3.jar;c:\Users\menam\.m2\repository\org\slf4j\jul-to-slf4j\2.0.17\jul-to-slf4j-2.0.17.jar;c:\Users\menam\.m2\repository\jakarta\annotation\jakarta.annotation-api\2.1.1\jakarta.annotation-api-2.1.1.jar;c:\Users\menam\.m2\repository\org\yaml\snakeyaml\2.4\snakeyaml-2.4.jar;c:\Users\menam\.m2\repository\org\springframework\boot\spring-boot-starter-json\3.5.7\spring-boot-starter-json-3.5.7.jar;c:\Users\menam\.m2\repository\com\fasterxml\jackson\datatype\jackson-datatype-jdk8\2.19.2\jackson-datatype-jdk8-2.19.2.jar;c:\Users\menam\.m2\repository\com\fasterxml\jackson\datatype\jackson-datatype-jsr310\2.19.2\jackson-datatype-jsr310-2.19.2.jar;c:\Users\menam\.m2\repository\com\fasterxml\jackson\module\jackson-module-parameter-names\2.19.2\jackson-module-parameter-names-2.19.2.jar;c:\Users\menam\.m2\repository\org\springframework\boot\spring-boot-starter-tomcat\3.5.7\spring-boot-starter-tomcat-3.5.7.jar;c:\Users\menam\.m2\repository\org\apache\tomcat\embed\tomcat-embed-core\10.1.48\tomcat-embed-core-10.1.48.jar;c:\Users\menam\.m2\repository\org\apache\tomcat\embed\tomcat-e
Launcher Type: SUN_STANDARD

[Global flags]
     intx CICompilerCount                          = 4                                         {product} {ergonomic}
     uint ConcGCThreads                            = 3                                         {product} {ergonomic}
     uint G1ConcRefinementThreads                  = 10                                        {product} {ergonomic}
   size_t G1HeapRegionSize                         = 2097152                                   {product} {ergonomic}
    uintx GCDrainStackTargetSize                   = 64                                        {product} {ergonomic}
   size_t InitialHeapSize                          = 266338304                                 {product} {ergonomic}
   size_t MarkStackSize                            = 4194304                                   {product} {ergonomic}
   size_t MaxHeapSize                              = 4242538496                                {product} {ergonomic}
   size_t MinHeapDeltaBytes                        = 2097152                                   {product} {ergonomic}
   size_t MinHeapSize                              = 8388608                                   {product} {ergonomic}
    uintx NonNMethodCodeHeapSize                   = 5839372                                {pd product} {ergonomic}
    uintx NonProfiledCodeHeapSize                  = 122909434                              {pd product} {ergonomic}
    uintx ProfiledCodeHeapSize                     = 122909434                              {pd product} {ergonomic}
    uintx ReservedCodeCacheSize                    = 251658240                              {pd product} {ergonomic}
     bool SegmentedCodeCache                       = true                                      {product} {ergonomic}
     bool ShowCodeDetailsInExceptionMessages       = true                                   {manageable} {command line}
   size_t SoftMaxHeapSize                          = 4242538496                             {manageable} {ergonomic}
     bool UseCompressedClassPointers               = true                           {product lp64_product} {ergonomic}
     bool UseCompressedOops                        = true                           {product lp64_product} {ergonomic}
     bool UseG1GC                                  = true                                      {product} {ergonomic}
     bool UseLargePagesIndividualAllocation        = false                                  {pd product} {ergonomic}

Logging:
Log output configuration:
 #0: stdout all=warning uptime,level,tags
 #1: stderr all=off uptime,level,tags

Environment Variables:
JAVA_HOME=C:\Program Files\Eclipse Adoptium\jdk-17.0.15.6-hotspot\
PATH=C:\Program Files\Common Files\Oracle\Java\javapath;C:\Program Files\Eclipse Adoptium\jdk-17.0.15.6-hotspot\bin;C:\Program Files\NVIDIA GPU Computing Toolkit\CUDA\v12.4\bin;C:\Program Files\NVIDIA GPU Computing Toolkit\CUDA\v12.4\libnvvp;;C:\WINDOWS\system32;C:\WINDOWS;C:\WINDOWS\System32\Wbem;C:\WINDOWS\System32\WindowsPowerShell\v1.0\;C:\WINDOWS\System32\OpenSSH\;C:\Program Files\dotnet\;C:\Program Files (x86)\NVIDIA Corporation\PhysX\Common;C:\Program Files\Git\cmd;C:\Program Files (x86)\Microsoft SQL Server\160\Tools\Binn\;C:\Program Files\Microsoft SQL Server\160\Tools\Binn\;C:\Program Files\Microsoft SQL Server\Client SDK\ODBC\170\Tools\Binn\;C:\Program Files\Microsoft SQL Server\160\DTS\Binn\;C:\Program Files (x86)\Microsoft SQL Server\160\DTS\Binn\;C:\Program Files\NVIDIA Corporation\Nsight Compute 2024.1.0\;C:\Program Files\nodejs\;C:\Program Files\NVIDIA Corporation\NVIDIA app\NvDLISR;C:\Program Files\Microsoft SQL Server\150\Tools\Binn\;C:\Program Files\Docker\Docker\resources\bin;C:\Users\menam\AppData\Local\Programs\Python\Python312\Scripts\;C:\Users\menam\AppData\Local\Programs\Python\Python312\;C:\Users\menam\AppData\Local\Programs\Python\Launcher\;C:\Users\menam\AppData\Local\Microsoft\WindowsApps;C:\Users\menam\AppData\Local\Programs\Microsoft VS Code\bin;C:\Program Files\Git\mingw64\bin;C:\msys64\ucrt64\bin;C:\Users\menam\anaconda3\bin;C:\Users\menam\AppData\Local\Programs\Tesseract-OCR;C:\Users\menam\AppData\Roaming\npm;C:\flutter\bin;C:\mongosh\bin;C:\Users\menam\.dotnet\tools;C:\Program Files\dotnet;C:\apache-maven-3.8.9\bin;
USERNAME=menam
OS=Windows_NT
PROCESSOR_IDENTIFIER=Intel64 Family 6 Model 165 Stepping 2, GenuineIntel
TMP=C:\Users\menam\AppData\Local\Temp
TEMP=C:\Users\menam\AppData\Local\Temp



Periodic native trim disabled


---------------  S Y S T E M  ---------------

OS:
 Windows 11 , 64 bit Build 22621 (10.0.22621.5415)
OS uptime: 3 days 2:01 hours
Hyper-V role detected

CPU: total 12 (initial active 12) (6 cores per cpu, 2 threads per core) family 6 model 165 stepping 2 microcode 0xfc, cx8, cmov, fxsr, ht, mmx, 3dnowpref, sse, sse2, sse3, ssse3, sse4.1, sse4.2, popcnt, lzcnt, tsc, tscinvbit, avx, avx2, aes, erms, clmul, bmi1, bmi2, adx, fma, vzeroupper, clflush, clflushopt, hv
Processor Information for all 12 processors :
  Max Mhz: 2592, Current Mhz: 2592, Mhz Limit: 2592

Memory: 4k page, system-wide physical 16177M (1166M free)
TotalPageFile size 30385M (AvailPageFile size 201M)
current process WorkingSet (physical memory assigned to process): 11M, peak: 11M
current process commit charge ("private bytes"): 64M, peak: 318M

vm_info: OpenJDK 64-Bit Server VM (17.0.15+6) for windows-amd64 JRE (17.0.15+6), built on Apr 15 2025 21:25:47 by "admin" with MS VC++ 17.7 (VS2022)

END.
